<?xml version="1.0" encoding="UTF-8"?>
<testsuite xmlns:xsi="http://www.w3.org/2001/XMLSchema-instance" xsi:noNamespaceSchemaLocation="https://maven.apache.org/surefire/maven-surefire-plugin/xsd/surefire-test-report-3.0.xsd" version="3.0" name="com.internship.juglottery.JugLotteryApplicationTests" time="18.219" tests="1" errors="0" skipped="0" failures="0">
  <properties>
[...]
</properties>
  <testcase name="contextLoads" classname="com.internship.juglottery.JugLotteryApplicationTests" time="0.84">
    <system-out><![CDATA[19:50:48.941 [main] INFO org.springframework.test.context.support.AnnotationConfigContextLoaderUtils -- Could not detect default configuration classes for test class [com.internship.juglottery.JugLotteryApplicationTests]: JugLotteryApplicationTests does not declare any static, non-private, non-final, nested classes annotated with @Configuration.
19:50:49.103 [main] INFO org.springframework.boot.test.context.SpringBootTestContextBootstrapper -- Found @SpringBootConfiguration com.internship.juglottery.JugLotteryApplication for test class com.internship.juglottery.JugLotteryApplicationTests

  .   ____          _            __ _ _
 /\\ / ___'_ __ _ _(_)_ __  __ _ \ \ \ \
( ( )\___ | '_ | '_| | '_ \/ _` | \ \ \ \
 \\/  ___)| |_)| | | | | || (_| |  ) ) ) )
  '  |____| .__|_| |_|_| |_\__, | / / / /
 =========|_|==============|___/=/_/_/_/
 :: Spring Boot ::                (v3.1.2)

2023-11-26T19:50:49.836+01:00  INFO 15612 --- [           main] c.i.j.JugLotteryApplicationTests         : Starting JugLotteryApplicationTests using Java 17.0.3 with PID 15612 (started by dariu in C:\Users\dariu\IdeaProjects\jug-lottery)
2023-11-26T19:50:49.837+01:00  INFO 15612 --- [           main] c.i.j.JugLotteryApplicationTests         : No active profile set, falling back to 1 default profile: "default"
2023-11-26T19:50:51.281+01:00  INFO 15612 --- [           main] .s.d.r.c.RepositoryConfigurationDelegate : Bootstrapping Spring Data JPA repositories in DEFAULT mode.
2023-11-26T19:50:51.463+01:00  INFO 15612 --- [           main] .s.d.r.c.RepositoryConfigurationDelegate : Finished Spring Data repository scanning in 143 ms. Found 7 JPA repository interfaces.
2023-11-26T19:50:52.503+01:00  INFO 15612 --- [           main] com.zaxxer.hikari.HikariDataSource       : HikariPool-1 - Starting...
2023-11-26T19:50:53.732+01:00  INFO 15612 --- [           main] com.zaxxer.hikari.pool.HikariPool        : HikariPool-1 - Added connection org.postgresql.jdbc.PgConnection@2f8c4fae
2023-11-26T19:50:53.736+01:00  INFO 15612 --- [           main] com.zaxxer.hikari.HikariDataSource       : HikariPool-1 - Start completed.
2023-11-26T19:50:54.150+01:00  INFO 15612 --- [           main] liquibase.database                       : Set default schema name to public
2023-11-26T19:50:55.758+01:00  INFO 15612 --- [           main] liquibase.executor                       : Changelog query completed.
2023-11-26T19:50:55.823+01:00  INFO 15612 --- [           main] liquibase.executor                       : Changelog query completed.
2023-11-26T19:50:55.882+01:00  INFO 15612 --- [           main] liquibase.executor                       : Changelog query completed.
2023-11-26T19:50:55.939+01:00  INFO 15612 --- [           main] liquibase.executor                       : Changelog query completed.
2023-11-26T19:50:55.968+01:00  INFO 15612 --- [           main] liquibase.executor                       : Changelog query completed.
2023-11-26T19:50:55.999+01:00  INFO 15612 --- [           main] liquibase.lockservice                    : Successfully acquired change log lock
2023-11-26T19:50:56.071+01:00  INFO 15612 --- [           main] liquibase.changelog                      : Creating database history table with name: public.databasechangelog
2023-11-26T19:50:56.102+01:00  INFO 15612 --- [           main] liquibase.executor                       : Changelog query completed.
2023-11-26T19:50:56.157+01:00  INFO 15612 --- [           main] liquibase.changelog                      : Reading from public.databasechangelog
2023-11-26T19:50:56.185+01:00  INFO 15612 --- [           main] liquibase.executor                       : Changelog query completed.
2023-11-26T19:50:56.268+01:00  INFO 15612 --- [           main] liquibase.executor                       : Changelog query completed.
Running Changeset: db/changelog/version/create_tables.xml::1::Dariusz Szyperek
2023-11-26T19:50:56.536+01:00  INFO 15612 --- [           main] liquibase.changelog                      : Table app_user created
2023-11-26T19:50:56.567+01:00  INFO 15612 --- [           main] liquibase.changelog                      : Table password_reset_token created
2023-11-26T19:50:56.598+01:00  INFO 15612 --- [           main] liquibase.changelog                      : Table participant created
2023-11-26T19:50:56.640+01:00  INFO 15612 --- [           main] liquibase.changelog                      : Table registration_token created
2023-11-26T19:50:56.687+01:00  INFO 15612 --- [           main] liquibase.changelog                      : Table lottery created
2023-11-26T19:50:56.721+01:00  INFO 15612 --- [           main] liquibase.changelog                      : Table voucher created
2023-11-26T19:50:56.751+01:00  INFO 15612 --- [           main] liquibase.changelog                      : Table winner created
2023-11-26T19:50:56.782+01:00  INFO 15612 --- [           main] liquibase.changelog                      : Foreign key constraint added to participant (lottery_id)
2023-11-26T19:50:56.810+01:00  INFO 15612 --- [           main] liquibase.changelog                      : Foreign key constraint added to voucher (lottery_id)
2023-11-26T19:50:56.837+01:00  INFO 15612 --- [           main] liquibase.changelog                      : Foreign key constraint added to winner (participant_id)
2023-11-26T19:50:56.865+01:00  INFO 15612 --- [           main] liquibase.changelog                      : Foreign key constraint added to winner (voucher_id)
2023-11-26T19:50:56.893+01:00  INFO 15612 --- [           main] liquibase.changelog                      : Foreign key constraint added to winner (lottery_id)
2023-11-26T19:50:56.921+01:00  INFO 15612 --- [           main] liquibase.changelog                      : Foreign key constraint added to password_reset_token (user_id)
2023-11-26T19:50:56.950+01:00  INFO 15612 --- [           main] liquibase.changelog                      : Foreign key constraint added to registration_token (participant_id)
2023-11-26T19:50:56.978+01:00  INFO 15612 --- [           main] liquibase.changelog                      : ChangeSet db/changelog/version/create_tables.xml::1::Dariusz Szyperek ran successfully in 531ms
2023-11-26T19:50:57.006+01:00  INFO 15612 --- [           main] liquibase.executor                       : Changelog query completed.
2023-11-26T19:50:57.034+01:00  INFO 15612 --- [           main] liquibase.executor                       : Changelog query completed.
Running Changeset: db/changelog/version/insert_data.xml::2::Dariusz Szyperek
2023-11-26T19:50:57.114+01:00  INFO 15612 --- [           main] liquibase.changelog                      : New row inserted into app_user
2023-11-26T19:50:57.143+01:00  INFO 15612 --- [           main] liquibase.changelog                      : New row inserted into app_user
2023-11-26T19:50:57.176+01:00  INFO 15612 --- [           main] liquibase.changelog                      : New row inserted into app_user
2023-11-26T19:50:57.209+01:00  INFO 15612 --- [           main] liquibase.changelog                      : New row inserted into lottery
2023-11-26T19:50:57.242+01:00  INFO 15612 --- [           main] liquibase.changelog                      : New row inserted into lottery
2023-11-26T19:50:57.272+01:00  INFO 15612 --- [           main] liquibase.changelog                      : New row inserted into lottery
2023-11-26T19:50:57.310+01:00  INFO 15612 --- [           main] liquibase.changelog                      : New row inserted into lottery
2023-11-26T19:50:57.346+01:00  INFO 15612 --- [           main] liquibase.changelog                      : New row inserted into voucher
2023-11-26T19:50:57.382+01:00  INFO 15612 --- [           main] liquibase.changelog                      : New row inserted into voucher
2023-11-26T19:50:57.410+01:00  INFO 15612 --- [           main] liquibase.changelog                      : New row inserted into voucher
2023-11-26T19:50:57.438+01:00  INFO 15612 --- [           main] liquibase.changelog                      : New row inserted into voucher
2023-11-26T19:50:57.467+01:00  INFO 15612 --- [           main] liquibase.changelog                      : New row inserted into voucher
2023-11-26T19:50:57.495+01:00  INFO 15612 --- [           main] liquibase.changelog                      : New row inserted into voucher
2023-11-26T19:50:57.522+01:00  INFO 15612 --- [           main] liquibase.changelog                      : New row inserted into voucher
2023-11-26T19:50:57.550+01:00  INFO 15612 --- [           main] liquibase.changelog                      : New row inserted into voucher
2023-11-26T19:50:57.578+01:00  INFO 15612 --- [           main] liquibase.changelog                      : New row inserted into voucher
2023-11-26T19:50:57.605+01:00  INFO 15612 --- [           main] liquibase.changelog                      : New row inserted into voucher
2023-11-26T19:50:57.632+01:00  INFO 15612 --- [           main] liquibase.changelog                      : New row inserted into voucher
2023-11-26T19:50:57.662+01:00  INFO 15612 --- [           main] liquibase.changelog                      : New row inserted into voucher
2023-11-26T19:50:57.689+01:00  INFO 15612 --- [           main] liquibase.changelog                      : New row inserted into participant
2023-11-26T19:50:57.716+01:00  INFO 15612 --- [           main] liquibase.changelog                      : New row inserted into participant
2023-11-26T19:50:57.747+01:00  INFO 15612 --- [           main] liquibase.changelog                      : New row inserted into participant
2023-11-26T19:50:57.773+01:00  INFO 15612 --- [           main] liquibase.changelog                      : New row inserted into participant
2023-11-26T19:50:57.801+01:00  INFO 15612 --- [           main] liquibase.changelog                      : New row inserted into participant
2023-11-26T19:50:57.829+01:00  INFO 15612 --- [           main] liquibase.changelog                      : New row inserted into participant
2023-11-26T19:50:57.856+01:00  INFO 15612 --- [           main] liquibase.changelog                      : New row inserted into participant
2023-11-26T19:50:57.883+01:00  INFO 15612 --- [           main] liquibase.changelog                      : New row inserted into participant
2023-11-26T19:50:57.914+01:00  INFO 15612 --- [           main] liquibase.changelog                      : ChangeSet db/changelog/version/insert_data.xml::2::Dariusz Szyperek ran successfully in 853ms
2023-11-26T19:50:57.944+01:00  INFO 15612 --- [           main] liquibase.executor                       : Changelog query completed.
2023-11-26T19:50:57.972+01:00  INFO 15612 --- [           main] liquibase                                : Update command completed successfully.
2023-11-26T19:50:58.032+01:00  INFO 15612 --- [           main] liquibase.executor                       : Changelog query completed.
2023-11-26T19:50:58.060+01:00  INFO 15612 --- [           main] liquibase.lockservice                    : Successfully released change log lock
2023-11-26T19:50:58.304+01:00  INFO 15612 --- [           main] o.hibernate.jpa.internal.util.LogHelper  : HHH000204: Processing PersistenceUnitInfo [name: default]
2023-11-26T19:50:58.415+01:00  INFO 15612 --- [           main] org.hibernate.Version                    : HHH000412: Hibernate ORM core version 6.2.6.Final
2023-11-26T19:50:58.418+01:00  INFO 15612 --- [           main] org.hibernate.cfg.Environment            : HHH000406: Using bytecode reflection optimizer
2023-11-26T19:50:58.647+01:00  INFO 15612 --- [           main] o.h.b.i.BytecodeProviderInitiator        : HHH000021: Bytecode provider name : bytebuddy
2023-11-26T19:50:58.828+01:00  INFO 15612 --- [           main] o.s.o.j.p.SpringPersistenceUnitInfo      : No LoadTimeWeaver setup: ignoring JPA class transformer
2023-11-26T19:50:59.340+01:00  INFO 15612 --- [           main] o.h.b.i.BytecodeProviderInitiator        : HHH000021: Bytecode provider name : bytebuddy
2023-11-26T19:51:00.409+01:00  INFO 15612 --- [           main] o.h.e.t.j.p.i.JtaPlatformInitiator       : HHH000490: Using JtaPlatform implementation: [org.hibernate.engine.transaction.jta.platform.internal.NoJtaPlatform]
2023-11-26T19:51:00.415+01:00  INFO 15612 --- [           main] j.LocalContainerEntityManagerFactoryBean : Initialized JPA EntityManagerFactory for persistence unit 'default'
2023-11-26T19:51:01.204+01:00  INFO 15612 --- [           main] o.s.d.j.r.query.QueryEnhancerFactory     : Hibernate is in classpath; If applicable, HQL parser will be used.
2023-11-26T19:51:04.876+01:00  INFO 15612 --- [           main] o.s.s.web.DefaultSecurityFilterChain     : Will secure any request with [org.springframework.security.web.session.DisableEncodeUrlFilter@77bca6d6, org.springframework.security.web.context.request.async.WebAsyncManagerIntegrationFilter@511936ad, org.springframework.security.web.context.SecurityContextHolderFilter@3048ec86, org.springframework.security.web.header.HeaderWriterFilter@4d768435, org.springframework.security.web.csrf.CsrfFilter@36f291c7, org.springframework.security.web.authentication.logout.LogoutFilter@48c63936, org.springframework.security.web.authentication.UsernamePasswordAuthenticationFilter@7c87c960, org.springframework.security.web.savedrequest.RequestCacheAwareFilter@76e51181, org.springframework.security.web.servletapi.SecurityContextHolderAwareRequestFilter@3c6c5b44, org.springframework.security.web.authentication.rememberme.RememberMeAuthenticationFilter@7b6bcbee, org.springframework.security.web.authentication.AnonymousAuthenticationFilter@7408b3db, org.springframework.security.web.access.ExceptionTranslationFilter@2035f1f0, org.springframework.security.web.access.intercept.AuthorizationFilter@5ea206bc]
2023-11-26T19:51:05.970+01:00  INFO 15612 --- [           main] c.i.j.JugLotteryApplicationTests         : Started JugLotteryApplicationTests in 16.6 seconds (process running for 18.343)
]]></system-out>
  </testcase>
</testsuite>