<?xml version="1.0" encoding="UTF-8"?>
<testsuite xmlns:xsi="http://www.w3.org/2001/XMLSchema-instance" xsi:noNamespaceSchemaLocation="https://maven.apache.org/surefire/maven-surefire-plugin/xsd/surefire-test-report-3.0.xsd" version="3.0" name="com.internship.juglottery.JugLotteryApplicationTests" time="13.536" tests="1" errors="0" skipped="0" failures="0">
  <properties>
[...]
</properties>
  <testcase name="contextLoads" classname="com.internship.juglottery.JugLotteryApplicationTests" time="0.733">
    <system-out><![CDATA[16:00:43.555 [main] INFO org.springframework.test.context.support.AnnotationConfigContextLoaderUtils -- Could not detect default configuration classes for test class [com.internship.juglottery.JugLotteryApplicationTests]: JugLotteryApplicationTests does not declare any static, non-private, non-final, nested classes annotated with @Configuration.
16:00:43.714 [main] INFO org.springframework.boot.test.context.SpringBootTestContextBootstrapper -- Found @SpringBootConfiguration com.internship.juglottery.JugLotteryApplication for test class com.internship.juglottery.JugLotteryApplicationTests

  .   ____          _            __ _ _
 /\\ / ___'_ __ _ _(_)_ __  __ _ \ \ \ \
( ( )\___ | '_ | '_| | '_ \/ _` | \ \ \ \
 \\/  ___)| |_)| | | | | || (_| |  ) ) ) )
  '  |____| .__|_| |_|_| |_\__, | / / / /
 =========|_|==============|___/=/_/_/_/
 :: Spring Boot ::                (v3.1.2)

2023-11-28T16:00:44.432+01:00  INFO 12020 --- [           main] c.i.j.JugLotteryApplicationTests         : Starting JugLotteryApplicationTests using Java 17.0.3 with PID 12020 (started by dariu in C:\Users\dariu\IdeaProjects\jug-lottery)
2023-11-28T16:00:44.436+01:00  INFO 12020 --- [           main] c.i.j.JugLotteryApplicationTests         : No active profile set, falling back to 1 default profile: "default"
2023-11-28T16:00:45.763+01:00  INFO 12020 --- [           main] .s.d.r.c.RepositoryConfigurationDelegate : Bootstrapping Spring Data JPA repositories in DEFAULT mode.
2023-11-28T16:00:45.921+01:00  INFO 12020 --- [           main] .s.d.r.c.RepositoryConfigurationDelegate : Finished Spring Data repository scanning in 134 ms. Found 7 JPA repository interfaces.
2023-11-28T16:00:46.840+01:00  INFO 12020 --- [           main] com.zaxxer.hikari.HikariDataSource       : HikariPool-1 - Starting...
2023-11-28T16:00:47.838+01:00  INFO 12020 --- [           main] com.zaxxer.hikari.pool.HikariPool        : HikariPool-1 - Added connection org.postgresql.jdbc.PgConnection@3a9b41a0
2023-11-28T16:00:47.838+01:00  INFO 12020 --- [           main] com.zaxxer.hikari.HikariDataSource       : HikariPool-1 - Start completed.
2023-11-28T16:00:48.186+01:00  INFO 12020 --- [           main] liquibase.database                       : Set default schema name to public
2023-11-28T16:00:48.914+01:00  INFO 12020 --- [           main] liquibase.changelog                      : Reading from public.databasechangelog
2023-11-28T16:00:48.962+01:00  INFO 12020 --- [           main] liquibase.executor                       : Changelog query completed.
Database is up to date, no changesets to execute
2023-11-28T16:00:49.410+01:00  INFO 12020 --- [           main] o.hibernate.jpa.internal.util.LogHelper  : HHH000204: Processing PersistenceUnitInfo [name: default]
2023-11-28T16:00:49.611+01:00  INFO 12020 --- [           main] org.hibernate.Version                    : HHH000412: Hibernate ORM core version 6.2.6.Final
2023-11-28T16:00:49.611+01:00  INFO 12020 --- [           main] org.hibernate.cfg.Environment            : HHH000406: Using bytecode reflection optimizer
2023-11-28T16:00:49.965+01:00  INFO 12020 --- [           main] o.h.b.i.BytecodeProviderInitiator        : HHH000021: Bytecode provider name : bytebuddy
2023-11-28T16:00:50.215+01:00  INFO 12020 --- [           main] o.s.o.j.p.SpringPersistenceUnitInfo      : No LoadTimeWeaver setup: ignoring JPA class transformer
2023-11-28T16:00:50.703+01:00  INFO 12020 --- [           main] o.h.b.i.BytecodeProviderInitiator        : HHH000021: Bytecode provider name : bytebuddy
2023-11-28T16:00:51.611+01:00  INFO 12020 --- [           main] o.h.e.t.j.p.i.JtaPlatformInitiator       : HHH000490: Using JtaPlatform implementation: [org.hibernate.engine.transaction.jta.platform.internal.NoJtaPlatform]
2023-11-28T16:00:51.627+01:00  INFO 12020 --- [           main] j.LocalContainerEntityManagerFactoryBean : Initialized JPA EntityManagerFactory for persistence unit 'default'
2023-11-28T16:00:52.136+01:00  INFO 12020 --- [           main] o.s.d.j.r.query.QueryEnhancerFactory     : Hibernate is in classpath; If applicable, HQL parser will be used.
2023-11-28T16:00:55.253+01:00  INFO 12020 --- [           main] o.s.s.web.DefaultSecurityFilterChain     : Will secure any request with [org.springframework.security.web.session.DisableEncodeUrlFilter@1ff9d66b, org.springframework.security.web.context.request.async.WebAsyncManagerIntegrationFilter@1e2c701, org.springframework.security.web.context.SecurityContextHolderFilter@6453c126, org.springframework.security.web.header.HeaderWriterFilter@74eebb25, org.springframework.security.web.csrf.CsrfFilter@737652a9, org.springframework.security.web.authentication.logout.LogoutFilter@686a08f4, org.springframework.security.web.authentication.UsernamePasswordAuthenticationFilter@448861e5, org.springframework.security.web.savedrequest.RequestCacheAwareFilter@1a5b8f77, org.springframework.security.web.servletapi.SecurityContextHolderAwareRequestFilter@4afad6bd, org.springframework.security.web.authentication.rememberme.RememberMeAuthenticationFilter@2620d0dc, org.springframework.security.web.authentication.AnonymousAuthenticationFilter@21e441d1, org.springframework.security.web.access.ExceptionTranslationFilter@35007b7a, org.springframework.security.web.access.intercept.AuthorizationFilter@3da068e8]
2023-11-28T16:00:56.032+01:00  INFO 12020 --- [           main] o.s.m.s.b.SimpleBrokerMessageHandler     : Starting...
2023-11-28T16:00:56.038+01:00  INFO 12020 --- [           main] o.s.m.s.b.SimpleBrokerMessageHandler     : BrokerAvailabilityEvent[available=true, SimpleBrokerMessageHandler [org.springframework.messaging.simp.broker.DefaultSubscriptionRegistry@380cb7e3]]
2023-11-28T16:00:56.043+01:00  INFO 12020 --- [           main] o.s.m.s.b.SimpleBrokerMessageHandler     : Started.
2023-11-28T16:00:56.051+01:00  INFO 12020 --- [           main] c.i.j.JugLotteryApplicationTests         : Started JugLotteryApplicationTests in 12.081 seconds (process running for 13.82)
]]></system-out>
  </testcase>
</testsuite>